0 silly argv {
0 silly argv   _: [ 'create' ],
0 silly argv   lernaVersion: '3.22.1',
0 silly argv   '$0': 'lerna',
0 silly argv   name: '@conset/avatar'
0 silly argv }
1 notice cli v3.22.1
2 verbose rootPath /Users/yk/heimanba/aliFE/fc/s/lerna-start
3 error Error: canceled
3 error     at Interface.<anonymous> (/Users/yk/.nvm/versions/node/v14.15.3/lib/node_modules/lerna/node_modules/_read@1.0.7@read/lib/read.js:66:13)
3 error     at Interface.emit (events.js:315:20)
3 error     at Interface._ttyWrite (readline.js:875:16)
3 error     at ReadStream.onkeypress (readline.js:213:10)
3 error     at ReadStream.emit (events.js:315:20)
3 error     at emitKeys (internal/readline/utils.js:345:14)
3 error     at emitKeys.next (<anonymous>)
3 error     at ReadStream.onData (readline.js:1144:36)
3 error     at ReadStream.emit (events.js:315:20)
3 error     at addChunk (internal/streams/readable.js:309:12)
3 error     at readableAddChunk (internal/streams/readable.js:284:9)
3 error     at ReadStream.Readable.push (internal/streams/readable.js:223:10)
